<?xml version="1.0" encoding="UTF-8"?>
<testng-results skipped="0" failed="0" ignored="0" total="1" passed="1">
  <reporter-output>
  </reporter-output>
  <suite name="Gobear" duration-ms="26549" started-at="2019-05-23T17:59:21Z" finished-at="2019-05-23T17:59:48Z">
    <groups>
    </groups>
    <test name="Regression" duration-ms="26549" started-at="2019-05-23T17:59:21Z" finished-at="2019-05-23T17:59:48Z">
      <class name="com.auto.test.TravelPage.TestTravelPage">
        <test-method status="PASS" signature="setup()[pri:0, instance:com.auto.test.TravelPage.TestTravelPage@4c6e276e]" name="setup" is-config="true" duration-ms="3536" started-at="2019-05-23T17:59:21Z" finished-at="2019-05-23T17:59:25Z">
          <reporter-output>
          </reporter-output>
        </test-method> <!-- setup -->
        <test-method status="PASS" signature="testTravelPage()[pri:0, instance:com.auto.test.TravelPage.TestTravelPage@4c6e276e]" name="testTravelPage" duration-ms="22343" started-at="2019-05-23T17:59:25Z" finished-at="2019-05-23T17:59:47Z">
          <reporter-output>
          </reporter-output>
        </test-method> <!-- testTravelPage -->
        <test-method status="PASS" signature="tearDown()[pri:0, instance:com.auto.test.TravelPage.TestTravelPage@4c6e276e]" name="tearDown" is-config="true" duration-ms="650" started-at="2019-05-23T17:59:47Z" finished-at="2019-05-23T17:59:48Z">
          <reporter-output>
          </reporter-output>
        </test-method> <!-- tearDown -->
      </class> <!-- com.auto.test.TravelPage.TestTravelPage -->
    </test> <!-- Regression -->
  </suite> <!-- Gobear -->
</testng-results>
